# JRE version: Java(TM) SE Runtime Environment (13.0.1+9) (build 13.0.1+9)
# Java VM: Java HotSpot(TM) 64-Bit Server VM (13.0.1+9, mixed mode, sharing, tiered, compressed oops, g1 gc, bsd-amd64)
Heap:
 garbage-first heap   total 89088K, used 43565K [0x0000000780000000, 0x0000000800000000)
  region size 1024K, 17 young (17408K), 3 survivors (3072K)
 Metaspace       used 54054K, capacity 55294K, committed 55936K, reserved 1097728K
  class space    used 7181K, capacity 7690K, committed 7808K, reserved 1048576K
GC Heap History (20 events):
Event: 13.229 GC heap before
{Heap before GC invocations=12 (full 0):
 garbage-first heap   total 61440K, used 40684K [0x0000000780000000, 0x0000000800000000)
  region size 1024K, 27 young (27648K), 4 survivors (4096K)
 Metaspace       used 30015K, capacity 30957K, committed 31104K, reserved 1077248K
  class space    used 3839K, capacity 4205K, committed 4224K, reserved 1048576K
}
Event: 13.244 GC heap after
{Heap after GC invocations=13 (full 0):
 garbage-first heap   total 61440K, used 18248K [0x0000000780000000, 0x0000000800000000)
  region size 1024K, 2 young (2048K), 2 survivors (2048K)
 Metaspace       used 30015K, capacity 30957K, committed 31104K, reserved 1077248K
  class space    used 3839K, capacity 4205K, committed 4224K, reserved 1048576K
}
Event: 13.529 GC heap before
{Heap before GC invocations=13 (full 0):
 garbage-first heap   total 61440K, used 41800K [0x0000000780000000, 0x0000000800000000)
  region size 1024K, 26 young (26624K), 2 survivors (2048K)
 Metaspace       used 30647K, capacity 31593K, committed 31744K, reserved 1077248K
  class space    used 3898K, capacity 4310K, committed 4352K, reserved 1048576K
}
Event: 13.539 GC heap after
{Heap after GC invocations=14 (full 0):
 garbage-first heap   total 61440K, used 18570K [0x0000000780000000, 0x0000000800000000)
  region size 1024K, 3 young (3072K), 3 survivors (3072K)
 Metaspace       used 30647K, capacity 31593K, committed 31744K, reserved 1077248K
  class space    used 3898K, capacity 4310K, committed 4352K, reserved 1048576K
}
Event: 13.550 GC heap before
{Heap before GC invocations=14 (full 0):
 garbage-first heap   total 61440K, used 42122K [0x0000000780000000, 0x0000000800000000)
  region size 1024K, 27 young (27648K), 3 survivors (3072K)
 Metaspace       used 30647K, capacity 31593K, committed 31744K, reserved 1077248K
  class space    used 3898K, capacity 4310K, committed 4352K, reserved 1048576K
}
Event: 13.560 GC heap after
{Heap after GC invocations=15 (full 0):
 garbage-first heap   total 61440K, used 18704K [0x0000000780000000, 0x0000000800000000)
  region size 1024K, 1 young (1024K), 1 survivors (1024K)
 Metaspace       used 30647K, capacity 31593K, committed 31744K, reserved 1077248K
  class space    used 3898K, capacity 4310K, committed 4352K, reserved 1048576K
}
Event: 14.890 GC heap before
{Heap before GC invocations=15 (full 0):
 garbage-first heap   total 61440K, used 43280K [0x0000000780000000, 0x0000000800000000)
  region size 1024K, 26 young (26624K), 1 survivors (1024K)
 Metaspace       used 32850K, capacity 33893K, committed 34048K, reserved 1079296K
  class space    used 4162K, capacity 4571K, committed 4608K, reserved 1048576K
}
Event: 14.903 GC heap after
{Heap after GC invocations=16 (full 0):
 garbage-first heap   total 61440K, used 20023K [0x0000000780000000, 0x0000000800000000)
  region size 1024K, 2 young (2048K), 2 survivors (2048K)
 Metaspace       used 32850K, capacity 33893K, committed 34048K, reserved 1079296K
  class space    used 4162K, capacity 4571K, committed 4608K, reserved 1048576K
}
Event: 15.157 GC heap before
{Heap before GC invocations=16 (full 0):
 garbage-first heap   total 61440K, used 24119K [0x0000000780000000, 0x0000000800000000)
  region size 1024K, 8 young (8192K), 2 survivors (2048K)
 Metaspace       used 34574K, capacity 35610K, committed 35840K, reserved 1081344K
  class space    used 4355K, capacity 4780K, committed 4864K, reserved 1048576K
}
Event: 15.171 GC heap after
{Heap after GC invocations=17 (full 0):
 garbage-first heap   total 73728K, used 20353K [0x0000000780000000, 0x0000000800000000)
  region size 1024K, 3 young (3072K), 3 survivors (3072K)
 Metaspace       used 34574K, capacity 35610K, committed 35840K, reserved 1081344K
  class space    used 4355K, capacity 4780K, committed 4864K, reserved 1048576K
}
Event: 17.095 GC heap before
{Heap before GC invocations=18 (full 0):
 garbage-first heap   total 73728K, used 41857K [0x0000000780000000, 0x0000000800000000)
  region size 1024K, 25 young (25600K), 3 survivors (3072K)
 Metaspace       used 39791K, capacity 40935K, committed 41344K, reserved 1085440K
  class space    used 4977K, capacity 5461K, committed 5504K, reserved 1048576K
}
Event: 17.119 GC heap after
{Heap after GC invocations=19 (full 0):
 garbage-first heap   total 73728K, used 25013K [0x0000000780000000, 0x0000000800000000)
  region size 1024K, 4 young (4096K), 4 survivors (4096K)
 Metaspace       used 39791K, capacity 40935K, committed 41344K, reserved 1085440K
  class space    used 4977K, capacity 5461K, committed 5504K, reserved 1048576K
}
Event: 18.146 GC heap before
{Heap before GC invocations=19 (full 0):
 garbage-first heap   total 73728K, used 46517K [0x0000000780000000, 0x0000000800000000)
  region size 1024K, 25 young (25600K), 4 survivors (4096K)
 Metaspace       used 40879K, capacity 42091K, committed 42240K, reserved 1085440K
  class space    used 5102K, capacity 5587K, committed 5632K, reserved 1048576K
}
Event: 18.168 GC heap after
{Heap after GC invocations=20 (full 0):
 garbage-first heap   total 73728K, used 27546K [0x0000000780000000, 0x0000000800000000)
  region size 1024K, 3 young (3072K), 3 survivors (3072K)
 Metaspace       used 40879K, capacity 42091K, committed 42240K, reserved 1085440K
  class space    used 5102K, capacity 5587K, committed 5632K, reserved 1048576K
}
Event: 19.024 GC heap before
{Heap before GC invocations=20 (full 0):
 garbage-first heap   total 73728K, used 47002K [0x0000000780000000, 0x0000000800000000)
  region size 1024K, 23 young (23552K), 3 survivors (3072K)
 Metaspace       used 44193K, capacity 45409K, committed 45824K, reserved 1089536K
  class space    used 5646K, capacity 6138K, committed 6144K, reserved 1048576K
}
Event: 19.035 GC heap after
{Heap after GC invocations=21 (full 0):
 garbage-first heap   total 73728K, used 28446K [0x0000000780000000, 0x0000000800000000)
  region size 1024K, 1 young (1024K), 1 survivors (1024K)
 Metaspace       used 44193K, capacity 45409K, committed 45824K, reserved 1089536K
  class space    used 5646K, capacity 6138K, committed 6144K, reserved 1048576K
}
Event: 20.114 GC heap before
{Heap before GC invocations=21 (full 0):
 garbage-first heap   total 73728K, used 49950K [0x0000000780000000, 0x0000000800000000)
  region size 1024K, 22 young (22528K), 1 survivors (1024K)
 Metaspace       used 48305K, capacity 49506K, committed 49920K, reserved 1091584K
  class space    used 6332K, capacity 6819K, committed 6912K, reserved 1048576K
}
Event: 20.124 GC heap after
{Heap after GC invocations=22 (full 0):
 garbage-first heap   total 89088K, used 29209K [0x0000000780000000, 0x0000000800000000)
  region size 1024K, 2 young (2048K), 2 survivors (2048K)
 Metaspace       used 48305K, capacity 49506K, committed 49920K, reserved 1091584K
  class space    used 6332K, capacity 6819K, committed 6912K, reserved 1048576K
}
Event: 22.222 GC heap before
{Heap before GC invocations=22 (full 0):
 garbage-first heap   total 89088K, used 56857K [0x0000000780000000, 0x0000000800000000)
  region size 1024K, 29 young (29696K), 2 survivors (2048K)
 Metaspace       used 52584K, capacity 53796K, committed 54400K, reserved 1095680K
  class space    used 6968K, capacity 7453K, committed 7552K, reserved 1048576K
}
Event: 22.244 GC heap after
{Heap after GC invocations=23 (full 0):
 garbage-first heap   total 89088K, used 30253K [0x0000000780000000, 0x0000000800000000)
  region size 1024K, 3 young (3072K), 3 survivors (3072K)
 Metaspace       used 52584K, capacity 53796K, committed 54400K, reserved 1095680K
  class space    used 6968K, capacity 7453K, committed 7552K, reserved 1048576K
}

