# JRE version: Java(TM) SE Runtime Environment (13.0.1+9) (build 13.0.1+9)
# Java VM: Java HotSpot(TM) 64-Bit Server VM (13.0.1+9, mixed mode, sharing, tiered, compressed oops, g1 gc, bsd-amd64)
Heap:
 garbage-first heap   total 140288K, used 65265K [0x0000000780000000, 0x0000000800000000)
  region size 1024K, 2 young (2048K), 1 survivors (1024K)
 Metaspace       used 77913K, capacity 80277K, committed 80584K, reserved 1120256K
  class space    used 9614K, capacity 10452K, committed 10524K, reserved 1048576K
GC Heap History (20 events):
Event: 345.437 GC heap before
{Heap before GC invocations=65 (full 3):
 garbage-first heap   total 140288K, used 107132K [0x0000000780000000, 0x0000000800000000)
  region size 1024K, 57 young (58368K), 4 survivors (4096K)
 Metaspace       used 76830K, capacity 79137K, committed 79432K, reserved 1118208K
  class space    used 9529K, capacity 10375K, committed 10396K, reserved 1048576K
}
Event: 345.446 GC heap after
{Heap after GC invocations=66 (full 3):
 garbage-first heap   total 140288K, used 57639K [0x0000000780000000, 0x0000000800000000)
  region size 1024K, 8 young (8192K), 8 survivors (8192K)
 Metaspace       used 76830K, capacity 79137K, committed 79432K, reserved 1118208K
  class space    used 9529K, capacity 10375K, committed 10396K, reserved 1048576K
}
Event: 361.360 GC heap before
{Heap before GC invocations=66 (full 3):
 garbage-first heap   total 140288K, used 109863K [0x0000000780000000, 0x0000000800000000)
  region size 1024K, 59 young (60416K), 8 survivors (8192K)
 Metaspace       used 77151K, capacity 79399K, committed 79688K, reserved 1118208K
  class space    used 9545K, capacity 10377K, committed 10396K, reserved 1048576K
}
Event: 361.375 GC heap after
{Heap after GC invocations=67 (full 3):
 garbage-first heap   total 140288K, used 58436K [0x0000000780000000, 0x0000000800000000)
  region size 1024K, 5 young (5120K), 5 survivors (5120K)
 Metaspace       used 77151K, capacity 79399K, committed 79688K, reserved 1118208K
  class space    used 9545K, capacity 10377K, committed 10396K, reserved 1048576K
}
Event: 406.813 GC heap before
{Heap before GC invocations=67 (full 3):
 garbage-first heap   total 140288K, used 111684K [0x0000000780000000, 0x0000000800000000)
  region size 1024K, 57 young (58368K), 5 survivors (5120K)
 Metaspace       used 77151K, capacity 79399K, committed 79688K, reserved 1118208K
  class space    used 9545K, capacity 10377K, committed 10396K, reserved 1048576K
}
Event: 406.818 GC heap after
{Heap after GC invocations=68 (full 3):
 garbage-first heap   total 140288K, used 58365K [0x0000000780000000, 0x0000000800000000)
  region size 1024K, 2 young (2048K), 2 survivors (2048K)
 Metaspace       used 77151K, capacity 79399K, committed 79688K, reserved 1118208K
  class space    used 9545K, capacity 10377K, committed 10396K, reserved 1048576K
}
Event: 412.520 GC heap before
{Heap before GC invocations=68 (full 3):
 garbage-first heap   total 140288K, used 112637K [0x0000000780000000, 0x0000000800000000)
  region size 1024K, 55 young (56320K), 2 survivors (2048K)
 Metaspace       used 77286K, capacity 79713K, committed 80072K, reserved 1118208K
  class space    used 9569K, capacity 10417K, committed 10524K, reserved 1048576K
}
Event: 412.525 GC heap after
{Heap after GC invocations=69 (full 3):
 garbage-first heap   total 140288K, used 60411K [0x0000000780000000, 0x0000000800000000)
  region size 1024K, 4 young (4096K), 4 survivors (4096K)
 Metaspace       used 77286K, capacity 79713K, committed 80072K, reserved 1118208K
  class space    used 9569K, capacity 10417K, committed 10524K, reserved 1048576K
}
Event: 412.952 GC heap before
{Heap before GC invocations=69 (full 3):
 garbage-first heap   total 140288K, used 113659K [0x0000000780000000, 0x0000000800000000)
  region size 1024K, 56 young (57344K), 4 survivors (4096K)
 Metaspace       used 77495K, capacity 79880K, committed 80072K, reserved 1118208K
  class space    used 9593K, capacity 10449K, committed 10524K, reserved 1048576K
}
Event: 412.958 GC heap after
{Heap after GC invocations=70 (full 3):
 garbage-first heap   total 140288K, used 61494K [0x0000000780000000, 0x0000000800000000)
  region size 1024K, 4 young (4096K), 4 survivors (4096K)
 Metaspace       used 77495K, capacity 79880K, committed 80072K, reserved 1118208K
  class space    used 9593K, capacity 10449K, committed 10524K, reserved 1048576K
}
Event: 413.332 GC heap before
{Heap before GC invocations=70 (full 3):
 garbage-first heap   total 140288K, used 112694K [0x0000000780000000, 0x0000000800000000)
  region size 1024K, 55 young (56320K), 4 survivors (4096K)
 Metaspace       used 77564K, capacity 79950K, committed 80072K, reserved 1118208K
  class space    used 9596K, capacity 10450K, committed 10524K, reserved 1048576K
}
Event: 413.338 GC heap after
{Heap after GC invocations=71 (full 3):
 garbage-first heap   total 140288K, used 61743K [0x0000000780000000, 0x0000000800000000)
  region size 1024K, 4 young (4096K), 4 survivors (4096K)
 Metaspace       used 77564K, capacity 79950K, committed 80072K, reserved 1118208K
  class space    used 9596K, capacity 10450K, committed 10524K, reserved 1048576K
}
Event: 414.024 GC heap before
{Heap before GC invocations=71 (full 3):
 garbage-first heap   total 140288K, used 112943K [0x0000000780000000, 0x0000000800000000)
  region size 1024K, 55 young (56320K), 4 survivors (4096K)
 Metaspace       used 77876K, capacity 80271K, committed 80584K, reserved 1120256K
  class space    used 9614K, capacity 10450K, committed 10524K, reserved 1048576K
}
Event: 414.033 GC heap after
{Heap after GC invocations=72 (full 3):
 garbage-first heap   total 140288K, used 67004K [0x0000000780000000, 0x0000000800000000)
  region size 1024K, 7 young (7168K), 7 survivors (7168K)
 Metaspace       used 77876K, capacity 80271K, committed 80584K, reserved 1120256K
  class space    used 9614K, capacity 10450K, committed 10524K, reserved 1048576K
}
Event: 440.122 GC heap before
{Heap before GC invocations=72 (full 3):
 garbage-first heap   total 140288K, used 113084K [0x0000000780000000, 0x0000000800000000)
  region size 1024K, 52 young (53248K), 7 survivors (7168K)
 Metaspace       used 77913K, capacity 80277K, committed 80584K, reserved 1120256K
  class space    used 9614K, capacity 10452K, committed 10524K, reserved 1048576K
}
Event: 440.133 GC heap after
{Heap after GC invocations=73 (full 3):
 garbage-first heap   total 140288K, used 66910K [0x0000000780000000, 0x0000000800000000)
  region size 1024K, 1 young (1024K), 1 survivors (1024K)
 Metaspace       used 77913K, capacity 80277K, committed 80584K, reserved 1120256K
  class space    used 9614K, capacity 10452K, committed 10524K, reserved 1048576K
}
Event: 469.761 GC heap before
{Heap before GC invocations=74 (full 3):
 garbage-first heap   total 140288K, used 114014K [0x0000000780000000, 0x0000000800000000)
  region size 1024K, 47 young (48128K), 1 survivors (1024K)
 Metaspace       used 77913K, capacity 80277K, committed 80584K, reserved 1120256K
  class space    used 9614K, capacity 10452K, committed 10524K, reserved 1048576K
}
Event: 469.763 GC heap after
{Heap after GC invocations=75 (full 3):
 garbage-first heap   total 140288K, used 66781K [0x0000000780000000, 0x0000000800000000)
  region size 1024K, 1 young (1024K), 1 survivors (1024K)
 Metaspace       used 77913K, capacity 80277K, committed 80584K, reserved 1120256K
  class space    used 9614K, capacity 10452K, committed 10524K, reserved 1048576K
}
Event: 499.897 GC heap before
{Heap before GC invocations=75 (full 3):
 garbage-first heap   total 140288K, used 113885K [0x0000000780000000, 0x0000000800000000)
  region size 1024K, 47 young (48128K), 1 survivors (1024K)
 Metaspace       used 77913K, capacity 80277K, committed 80584K, reserved 1120256K
  class space    used 9614K, capacity 10452K, committed 10524K, reserved 1048576K
}
Event: 499.899 GC heap after
{Heap after GC invocations=76 (full 3):
 garbage-first heap   total 140288K, used 66289K [0x0000000780000000, 0x0000000800000000)
  region size 1024K, 1 young (1024K), 1 survivors (1024K)
 Metaspace       used 77913K, capacity 80277K, committed 80584K, reserved 1120256K
  class space    used 9614K, capacity 10452K, committed 10524K, reserved 1048576K
}

