# JRE version: Java(TM) SE Runtime Environment (13.0.1+9) (build 13.0.1+9)
# Java VM: Java HotSpot(TM) 64-Bit Server VM (13.0.1+9, mixed mode, sharing, tiered, compressed oops, g1 gc, bsd-amd64)
Heap:
 garbage-first heap   total 240640K, used 95118K [0x0000000780000000, 0x0000000800000000)
  region size 1024K, 4 young (4096K), 2 survivors (2048K)
 Metaspace       used 94022K, capacity 97100K, committed 97404K, reserved 1134592K
  class space    used 11188K, capacity 12245K, committed 12336K, reserved 1048576K
GC Heap History (20 events):
Event: 49118.409 GC heap before
{Heap before GC invocations=578 (full 10):
 garbage-first heap   total 240640K, used 203041K [0x0000000780000000, 0x0000000800000000)
  region size 1024K, 103 young (105472K), 7 survivors (7168K)
 Metaspace       used 93872K, capacity 96872K, committed 97404K, reserved 1134592K
  class space    used 11183K, capacity 12233K, committed 12336K, reserved 1048576K
}
Event: 49118.415 GC heap after
{Heap after GC invocations=579 (full 10):
 garbage-first heap   total 240640K, used 105330K [0x0000000780000000, 0x0000000800000000)
  region size 1024K, 7 young (7168K), 7 survivors (7168K)
 Metaspace       used 93872K, capacity 96872K, committed 97404K, reserved 1134592K
  class space    used 11183K, capacity 12233K, committed 12336K, reserved 1048576K
}
Event: 49298.820 GC heap before
{Heap before GC invocations=580 (full 10):
 garbage-first heap   total 240640K, used 203634K [0x0000000780000000, 0x0000000800000000)
  region size 1024K, 103 young (105472K), 7 survivors (7168K)
 Metaspace       used 93907K, capacity 96938K, committed 97404K, reserved 1134592K
  class space    used 11183K, capacity 12233K, committed 12336K, reserved 1048576K
}
Event: 49298.840 GC heap after
{Heap after GC invocations=581 (full 10):
 garbage-first heap   total 240640K, used 105635K [0x0000000780000000, 0x0000000800000000)
  region size 1024K, 7 young (7168K), 7 survivors (7168K)
 Metaspace       used 93907K, capacity 96938K, committed 97404K, reserved 1134592K
  class space    used 11183K, capacity 12233K, committed 12336K, reserved 1048576K
}
Event: 49298.863 GC heap before
{Heap before GC invocations=581 (full 10):
 garbage-first heap   total 240640K, used 109731K [0x0000000780000000, 0x0000000800000000)
  region size 1024K, 11 young (11264K), 7 survivors (7168K)
 Metaspace       used 93907K, capacity 96938K, committed 97404K, reserved 1134592K
  class space    used 11183K, capacity 12233K, committed 12336K, reserved 1048576K
}
Event: 49298.904 GC heap after
{Heap after GC invocations=582 (full 10):
 garbage-first heap   total 240640K, used 95715K [0x0000000780000000, 0x0000000800000000)
  region size 1024K, 1 young (1024K), 1 survivors (1024K)
 Metaspace       used 93907K, capacity 96938K, committed 97404K, reserved 1134592K
  class space    used 11183K, capacity 12233K, committed 12336K, reserved 1048576K
}
Event: 49501.313 GC heap before
{Heap before GC invocations=582 (full 10):
 garbage-first heap   total 240640K, used 203235K [0x0000000780000000, 0x0000000800000000)
  region size 1024K, 106 young (108544K), 1 survivors (1024K)
 Metaspace       used 93915K, capacity 96938K, committed 97404K, reserved 1134592K
  class space    used 11184K, capacity 12233K, committed 12336K, reserved 1048576K
}
Event: 49501.317 GC heap after
{Heap after GC invocations=583 (full 10):
 garbage-first heap   total 240640K, used 95082K [0x0000000780000000, 0x0000000800000000)
  region size 1024K, 1 young (1024K), 1 survivors (1024K)
 Metaspace       used 93915K, capacity 96938K, committed 97404K, reserved 1134592K
  class space    used 11184K, capacity 12233K, committed 12336K, reserved 1048576K
}
Event: 49686.830 GC heap before
{Heap before GC invocations=583 (full 10):
 garbage-first heap   total 240640K, used 204650K [0x0000000780000000, 0x0000000800000000)
  region size 1024K, 108 young (110592K), 1 survivors (1024K)
 Metaspace       used 93932K, capacity 96938K, committed 97404K, reserved 1134592K
  class space    used 11184K, capacity 12233K, committed 12336K, reserved 1048576K
}
Event: 49686.832 GC heap after
{Heap after GC invocations=584 (full 10):
 garbage-first heap   total 240640K, used 94957K [0x0000000780000000, 0x0000000800000000)
  region size 1024K, 1 young (1024K), 1 survivors (1024K)
 Metaspace       used 93932K, capacity 96938K, committed 97404K, reserved 1134592K
  class space    used 11184K, capacity 12233K, committed 12336K, reserved 1048576K
}
Event: 49848.158 GC heap before
{Heap before GC invocations=584 (full 10):
 garbage-first heap   total 240640K, used 204525K [0x0000000780000000, 0x0000000800000000)
  region size 1024K, 109 young (111616K), 1 survivors (1024K)
 Metaspace       used 93947K, capacity 96938K, committed 97404K, reserved 1134592K
  class space    used 11184K, capacity 12233K, committed 12336K, reserved 1048576K
}
Event: 49848.174 GC heap after
{Heap after GC invocations=585 (full 10):
 garbage-first heap   total 240640K, used 95016K [0x0000000780000000, 0x0000000800000000)
  region size 1024K, 1 young (1024K), 1 survivors (1024K)
 Metaspace       used 93947K, capacity 96938K, committed 97404K, reserved 1134592K
  class space    used 11184K, capacity 12233K, committed 12336K, reserved 1048576K
}
Event: 49992.693 GC heap before
{Heap before GC invocations=586 (full 10):
 garbage-first heap   total 240640K, used 206632K [0x0000000780000000, 0x0000000800000000)
  region size 1024K, 110 young (112640K), 1 survivors (1024K)
 Metaspace       used 93964K, capacity 96929K, committed 97404K, reserved 1134592K
  class space    used 11183K, capacity 12231K, committed 12336K, reserved 1048576K
}
Event: 49992.696 GC heap after
{Heap after GC invocations=587 (full 10):
 garbage-first heap   total 240640K, used 95155K [0x0000000780000000, 0x0000000800000000)
  region size 1024K, 1 young (1024K), 1 survivors (1024K)
 Metaspace       used 93964K, capacity 96929K, committed 97404K, reserved 1134592K
  class space    used 11183K, capacity 12231K, committed 12336K, reserved 1048576K
}
Event: 50220.686 GC heap before
{Heap before GC invocations=587 (full 10):
 garbage-first heap   total 240640K, used 206771K [0x0000000780000000, 0x0000000800000000)
  region size 1024K, 111 young (113664K), 1 survivors (1024K)
 Metaspace       used 93995K, capacity 97057K, committed 97404K, reserved 1134592K
  class space    used 11183K, capacity 12231K, committed 12336K, reserved 1048576K
}
Event: 50220.690 GC heap after
{Heap after GC invocations=588 (full 10):
 garbage-first heap   total 240640K, used 98428K [0x0000000780000000, 0x0000000800000000)
  region size 1024K, 4 young (4096K), 4 survivors (4096K)
 Metaspace       used 93995K, capacity 97057K, committed 97404K, reserved 1134592K
  class space    used 11183K, capacity 12231K, committed 12336K, reserved 1048576K
}
Event: 50322.630 GC heap before
{Heap before GC invocations=589 (full 10):
 garbage-first heap   total 240640K, used 137340K [0x0000000780000000, 0x0000000800000000)
  region size 1024K, 43 young (44032K), 4 survivors (4096K)
 Metaspace       used 94001K, capacity 97063K, committed 97404K, reserved 1134592K
  class space    used 11184K, capacity 12233K, committed 12336K, reserved 1048576K
}
Event: 50322.966 GC heap after
{Heap after GC invocations=590 (full 11):
 garbage-first heap   total 240640K, used 92708K [0x0000000780000000, 0x0000000800000000)
  region size 1024K, 0 young (0K), 0 survivors (0K)
 Metaspace       used 94001K, capacity 97063K, committed 97404K, reserved 1134592K
  class space    used 11184K, capacity 12233K, committed 12336K, reserved 1048576K
}
Event: 50411.105 GC heap before
{Heap before GC invocations=590 (full 11):
 garbage-first heap   total 240640K, used 204324K [0x0000000780000000, 0x0000000800000000)
  region size 1024K, 109 young (111616K), 0 survivors (0K)
 Metaspace       used 94022K, capacity 97100K, committed 97404K, reserved 1134592K
  class space    used 11188K, capacity 12245K, committed 12336K, reserved 1048576K
}
Event: 50411.109 GC heap after
{Heap after GC invocations=591 (full 11):
 garbage-first heap   total 240640K, used 94094K [0x0000000780000000, 0x0000000800000000)
  region size 1024K, 2 young (2048K), 2 survivors (2048K)
 Metaspace       used 94022K, capacity 97100K, committed 97404K, reserved 1134592K
  class space    used 11188K, capacity 12245K, committed 12336K, reserved 1048576K
}

